[debug] [2022-07-22T09:23:17.008Z] ----------------------------------------------------------------------
[debug] [2022-07-22T09:23:17.009Z] Command:       C:\Program Files\nodejs\node.exe C:\Users\SomireddyNireesha\AppData\Roaming\npm\node_modules\firebase-tools\lib\bin\firebase.js init
[debug] [2022-07-22T09:23:17.009Z] CLI Version:   11.3.0
[debug] [2022-07-22T09:23:17.010Z] Platform:      win32
[debug] [2022-07-22T09:23:17.010Z] Node Version:  v16.15.0
[debug] [2022-07-22T09:23:17.011Z] Time:          Fri Jul 22 2022 14:53:17 GMT+0530 (India Standard Time)
[debug] [2022-07-22T09:23:17.011Z] ----------------------------------------------------------------------
[debug] 
[debug] [2022-07-22T09:23:17.017Z] > command requires scopes: ["email","openid","https://www.googleapis.com/auth/cloudplatformprojects.readonly","https://www.googleapis.com/auth/firebase","https://www.googleapis.com/auth/cloud-platform"]
[debug] [2022-07-22T09:23:17.017Z] > authorizing via signed-in user (somireddynireesha2247@gmail.com)
[info] 
     ######## #### ########  ######## ########     ###     ######  ########
     ##        ##  ##     ## ##       ##     ##  ##   ##  ##       ##
     ######    ##  ########  ######   ########  #########  ######  ######
     ##        ##  ##    ##  ##       ##     ## ##     ##       ## ##
     ##       #### ##     ## ######## ########  ##     ##  ######  ########

You're about to initialize a Firebase project in this directory:

  C:\Users\SomireddyNireesha\figmadesignapp\readhandy

[info] 
=== Project Setup
[info] 
[info] First, let's associate this project directory with a Firebase project.
[info] You can create multiple project aliases by running firebase use --add, 
[info] but for now we'll just set up a default project.
[info] 
[debug] [2022-07-22T09:23:27.407Z] > refreshing access token with scopes: []
[debug] [2022-07-22T09:23:27.408Z] >>> [apiv2][query] POST https://www.googleapis.com/oauth2/v3/token [none]
[debug] [2022-07-22T09:23:27.408Z] >>> [apiv2][body] POST https://www.googleapis.com/oauth2/v3/token [omitted]
[debug] [2022-07-22T09:23:27.593Z] <<< [apiv2][status] POST https://www.googleapis.com/oauth2/v3/token 200
[debug] [2022-07-22T09:23:27.593Z] <<< [apiv2][body] POST https://www.googleapis.com/oauth2/v3/token [omitted]
[debug] [2022-07-22T09:23:27.601Z] >>> [apiv2][query] GET https://firebase.googleapis.com/v1beta1/projects pageSize=100
[debug] [2022-07-22T09:23:28.306Z] <<< [apiv2][status] GET https://firebase.googleapis.com/v1beta1/projects 200
[debug] [2022-07-22T09:23:28.306Z] <<< [apiv2][body] GET https://firebase.googleapis.com/v1beta1/projects [omitted]
[info] i  Using project myblog-bcfa7 (myblog) 
[info] 
=== Hosting Setup
[info] 
[info] Your public directory is the folder (relative to your project directory) that
[info] will contain Hosting assets to be uploaded with firebase deploy. If you
[info] have a build process for your assets, use your build's output directory.
[info] 
[debug] [2022-07-22T09:23:38.620Z] >>> [apiv2][query] GET https://www.gstatic.com/firebasejs/releases.json [none]
[debug] [2022-07-22T09:23:38.727Z] <<< [apiv2][status] GET https://www.gstatic.com/firebasejs/releases.json 200
[debug] [2022-07-22T09:23:38.728Z] <<< [apiv2][body] GET https://www.gstatic.com/firebasejs/releases.json {"current":{"version":"9.9.0","browserURL":"https://www.gstatic.com/firebasejs/9.9.0/firebase.js","packageURL":"https://www.gstatic.com/firebasejs/9.9.0/firebase.tgz"},"live":{"version":"9.9","browserURL":"https://www.gstatic.com/firebasejs/live/9.9/firebase.js","packageURL":"https://www.gstatic.com/firebasejs/live/9.9/firebase.tgz"},"components":{"analytics":"https://www.gstatic.com/firebasejs/9.9.0/firebase-analytics.js","app":"https://www.gstatic.com/firebasejs/9.9.0/firebase-app.js","app-check":"https://www.gstatic.com/firebasejs/9.9.0/firebase-app-check.js","auth":"https://www.gstatic.com/firebasejs/9.9.0/firebase-auth.js","auth/cordova":"https://www.gstatic.com/firebasejs/9.9.0/firebase-auth/cordova.js","auth/react-native":"https://www.gstatic.com/firebasejs/9.9.0/firebase-auth/react-native.js","functions":"https://www.gstatic.com/firebasejs/9.9.0/firebase-functions.js","firestore":"https://www.gstatic.com/firebasejs/9.9.0/firebase-firestore.js","firestore/lite":"https://www.gstatic.com/firebasejs/9.9.0/firebase-firestore/lite.js","installations":"https://www.gstatic.com/firebasejs/9.9.0/firebase-installations.js","storage":"https://www.gstatic.com/firebasejs/9.9.0/firebase-storage.js","performance":"https://www.gstatic.com/firebasejs/9.9.0/firebase-performance.js","remote-config":"https://www.gstatic.com/firebasejs/9.9.0/firebase-remote-config.js","messaging":"https://www.gstatic.com/firebasejs/9.9.0/firebase-messaging.js","messaging/sw":"https://www.gstatic.com/firebasejs/9.9.0/firebase-messaging/sw.js","database":"https://www.gstatic.com/firebasejs/9.9.0/firebase-database.js","firestore.memory":"https://www.gstatic.com/firebasejs/9.9.0/firebase-firestore.memory.js"}}
[info] i  Skipping write of build/index.html 
[info] 
[info] i  Detected a .git folder at C:\Users\SomireddyNireesha\figmadesignapp\readhandy 
[info] i  Authorizing with GitHub to upload your service account to a GitHub repository's secrets store. 
[info] 
[info] Visit this URL on this device to log in:
[info] https://github.com/login/oauth/authorize?client_id=89cf50f02ac6aaed3484&state=840942168&redirect_uri=http%3A%2F%2Flocalhost%3A9005&scope=read%3Auser%20repo%20public_repo
[info] 
[info] Waiting for authentication...
[debug] [2022-07-22T09:23:40.221Z] Error: spawn cmd ENOENT
    at Process.ChildProcess._handle.onexit (node:internal/child_process:283:19)
    at onErrorNT (node:internal/child_process:478:16)
    at processTicksAndRejections (node:internal/process/task_queues:83:21)
[error] 
[error] Error: An unexpected error has occurred.
